{"total": {"lines":{"total":157,"covered":134,"skipped":0,"pct":85.35},"statements":{"total":163,"covered":137,"skipped":0,"pct":84.04},"functions":{"total":70,"covered":59,"skipped":0,"pct":84.28},"branches":{"total":69,"covered":50,"skipped":0,"pct":72.46},"branchesTrue":{"total":0,"covered":0,"skipped":0,"pct":100}}
,"/home/mike/Projects/openpad/packages/frontend/src/About.tsx": {"lines":{"total":1,"covered":1,"skipped":0,"pct":100},"functions":{"total":1,"covered":1,"skipped":0,"pct":100},"statements":{"total":1,"covered":1,"skipped":0,"pct":100},"branches":{"total":0,"covered":0,"skipped":0,"pct":100}}
,"/home/mike/Projects/openpad/packages/frontend/src/App.css": {"lines":{"total":0,"covered":0,"skipped":0,"pct":100},"functions":{"total":0,"covered":0,"skipped":0,"pct":100},"statements":{"total":0,"covered":0,"skipped":0,"pct":100},"branches":{"total":0,"covered":0,"skipped":0,"pct":100}}
,"/home/mike/Projects/openpad/packages/frontend/src/App.tsx": {"lines":{"total":10,"covered":10,"skipped":0,"pct":100},"functions":{"total":6,"covered":6,"skipped":0,"pct":100},"statements":{"total":12,"covered":12,"skipped":0,"pct":100},"branches":{"total":4,"covered":4,"skipped":0,"pct":100}}
,"/home/mike/Projects/openpad/packages/frontend/src/Editor.tsx": {"lines":{"total":34,"covered":30,"skipped":0,"pct":88.23},"functions":{"total":17,"covered":14,"skipped":0,"pct":82.35},"statements":{"total":35,"covered":30,"skipped":0,"pct":85.71},"branches":{"total":27,"covered":23,"skipped":0,"pct":85.18}}
,"/home/mike/Projects/openpad/packages/frontend/src/Header.tsx": {"lines":{"total":2,"covered":2,"skipped":0,"pct":100},"functions":{"total":1,"covered":1,"skipped":0,"pct":100},"statements":{"total":2,"covered":2,"skipped":0,"pct":100},"branches":{"total":0,"covered":0,"skipped":0,"pct":100}}
,"/home/mike/Projects/openpad/packages/frontend/src/History.tsx": {"lines":{"total":8,"covered":8,"skipped":0,"pct":100},"functions":{"total":4,"covered":4,"skipped":0,"pct":100},"statements":{"total":8,"covered":8,"skipped":0,"pct":100},"branches":{"total":4,"covered":3,"skipped":0,"pct":75}}
,"/home/mike/Projects/openpad/packages/frontend/src/Preview.tsx": {"lines":{"total":8,"covered":8,"skipped":0,"pct":100},"functions":{"total":4,"covered":4,"skipped":0,"pct":100},"statements":{"total":8,"covered":8,"skipped":0,"pct":100},"branches":{"total":0,"covered":0,"skipped":0,"pct":100}}
,"/home/mike/Projects/openpad/packages/frontend/src/Viewer.tsx": {"lines":{"total":16,"covered":2,"skipped":0,"pct":12.5},"functions":{"total":6,"covered":1,"skipped":0,"pct":16.66},"statements":{"total":17,"covered":2,"skipped":0,"pct":11.76},"branches":{"total":9,"covered":4,"skipped":0,"pct":44.44}}
,"/home/mike/Projects/openpad/packages/frontend/src/api.ts": {"lines":{"total":55,"covered":52,"skipped":0,"pct":94.54},"functions":{"total":10,"covered":9,"skipped":0,"pct":90},"statements":{"total":56,"covered":52,"skipped":0,"pct":92.85},"branches":{"total":25,"covered":16,"skipped":0,"pct":64}}
,"/home/mike/Projects/openpad/packages/frontend/src/store.ts": {"lines":{"total":18,"covered":16,"skipped":0,"pct":88.88},"functions":{"total":18,"covered":16,"skipped":0,"pct":88.88},"statements":{"total":19,"covered":17,"skipped":0,"pct":89.47},"branches":{"total":0,"covered":0,"skipped":0,"pct":100}}
,"/home/mike/Projects/openpad/packages/frontend/src/mocks/handlers.ts": {"lines":{"total":4,"covered":4,"skipped":0,"pct":100},"functions":{"total":3,"covered":3,"skipped":0,"pct":100},"statements":{"total":4,"covered":4,"skipped":0,"pct":100},"branches":{"total":0,"covered":0,"skipped":0,"pct":100}}
,"/home/mike/Projects/openpad/packages/frontend/src/mocks/server.ts": {"lines":{"total":1,"covered":1,"skipped":0,"pct":100},"functions":{"total":0,"covered":0,"skipped":0,"pct":100},"statements":{"total":1,"covered":1,"skipped":0,"pct":100},"branches":{"total":0,"covered":0,"skipped":0,"pct":100}}
}
