{"/home/mike/Projects/openpad/packages/frontend/src/About.tsx": {"path":"/home/mike/Projects/openpad/packages/frontend/src/About.tsx","statementMap":{"0":{"start":{"line":8,"column":2},"end":{"line":23,"column":null}}},"fnMap":{"0":{"name":"About","decl":{"start":{"line":7,"column":24},"end":{"line":7,"column":30}},"loc":{"start":{"line":7,"column":55},"end":{"line":25,"column":null}},"line":7}},"branchMap":{},"s":{"0":1},"f":{"0":1},"b":{},"meta":{"lastBranch":0,"lastFunction":1,"lastStatement":1,"seen":{"f:7:24:7:30":0,"s:8:2:23:Infinity":0}}}
,"/home/mike/Projects/openpad/packages/frontend/src/App.css": {"path":"/home/mike/Projects/openpad/packages/frontend/src/App.css","statementMap":{},"fnMap":{},"branchMap":{},"s":{},"f":{},"b":{},"meta":{"lastBranch":0,"lastFunction":0,"lastStatement":0,"seen":{}}}
,"/home/mike/Projects/openpad/packages/frontend/src/App.tsx": {"path":"/home/mike/Projects/openpad/packages/frontend/src/App.tsx","statementMap":{"0":{"start":{"line":16,"column":2},"end":{"line":16,"column":null}},"1":{"start":{"line":18,"column":24},"end":{"line":31,"column":null}},"2":{"start":{"line":19,"column":4},"end":{"line":21,"column":null}},"3":{"start":{"line":20,"column":6},"end":{"line":20,"column":null}},"4":{"start":{"line":20,"column":35},"end":{"line":20,"column":56}},"5":{"start":{"line":22,"column":4},"end":{"line":24,"column":null}},"6":{"start":{"line":23,"column":6},"end":{"line":23,"column":null}},"7":{"start":{"line":23,"column":37},"end":{"line":23,"column":60}},"8":{"start":{"line":25,"column":4},"end":{"line":29,"column":null}},"9":{"start":{"line":33,"column":2},"end":{"line":41,"column":null}},"10":{"start":{"line":37,"column":27},"end":{"line":37,"column":null}},"11":{"start":{"line":38,"column":29},"end":{"line":38,"column":null}}},"fnMap":{"0":{"name":"App","decl":{"start":{"line":10,"column":9},"end":{"line":10,"column":15}},"loc":{"start":{"line":10,"column":15},"end":{"line":43,"column":null}},"line":10},"1":{"name":"(anonymous_1)","decl":{"start":{"line":18,"column":24},"end":{"line":18,"column":30}},"loc":{"start":{"line":18,"column":30},"end":{"line":31,"column":null}},"line":18},"2":{"name":"(anonymous_2)","decl":{"start":{"line":20,"column":29},"end":{"line":20,"column":35}},"loc":{"start":{"line":20,"column":35},"end":{"line":20,"column":56}},"line":20},"3":{"name":"(anonymous_3)","decl":{"start":{"line":23,"column":31},"end":{"line":23,"column":37}},"loc":{"start":{"line":23,"column":37},"end":{"line":23,"column":60}},"line":23},"4":{"name":"(anonymous_4)","decl":{"start":{"line":37,"column":21},"end":{"line":37,"column":27}},"loc":{"start":{"line":37,"column":27},"end":{"line":37,"column":null}},"line":37},"5":{"name":"(anonymous_5)","decl":{"start":{"line":38,"column":23},"end":{"line":38,"column":29}},"loc":{"start":{"line":38,"column":29},"end":{"line":38,"column":null}},"line":38}},"branchMap":{"0":{"loc":{"start":{"line":19,"column":4},"end":{"line":21,"column":null}},"type":"if","locations":[{"start":{"line":19,"column":4},"end":{"line":21,"column":null}},{"start":{},"end":{}}],"line":19},"1":{"loc":{"start":{"line":22,"column":4},"end":{"line":24,"column":null}},"type":"if","locations":[{"start":{"line":22,"column":4},"end":{"line":24,"column":null}},{"start":{},"end":{}}],"line":22}},"s":{"0":11,"1":11,"2":11,"3":1,"4":1,"5":10,"6":1,"7":1,"8":9,"9":11,"10":1,"11":1},"f":{"0":11,"1":11,"2":1,"3":1,"4":1,"5":1},"b":{"0":[1,10],"1":[1,9]},"meta":{"lastBranch":2,"lastFunction":6,"lastStatement":12,"seen":{"f:10:9:10:15":0,"s:16:2:16:Infinity":0,"s:18:24:31:Infinity":1,"f:18:24:18:30":1,"b:19:4:21:Infinity:undefined:undefined:undefined:undefined":0,"s:19:4:21:Infinity":2,"s:20:6:20:Infinity":3,"f:20:29:20:35":2,"s:20:35:20:56":4,"b:22:4:24:Infinity:undefined:undefined:undefined:undefined":1,"s:22:4:24:Infinity":5,"s:23:6:23:Infinity":6,"f:23:31:23:37":3,"s:23:37:23:60":7,"s:25:4:29:Infinity":8,"s:33:2:41:Infinity":9,"f:37:21:37:27":4,"s:37:27:37:Infinity":10,"f:38:23:38:29":5,"s:38:29:38:Infinity":11}}}
,"/home/mike/Projects/openpad/packages/frontend/src/Editor.tsx": {"path":"/home/mike/Projects/openpad/packages/frontend/src/Editor.tsx","statementMap":{"0":{"start":{"line":5,"column":25},"end":{"line":167,"column":null}},"1":{"start":{"line":25,"column":2},"end":{"line":25,"column":null}},"2":{"start":{"line":26,"column":34},"end":{"line":26,"column":null}},"3":{"start":{"line":28,"column":2},"end":{"line":30,"column":null}},"4":{"start":{"line":29,"column":4},"end":{"line":29,"column":null}},"5":{"start":{"line":32,"column":23},"end":{"line":34,"column":null}},"6":{"start":{"line":33,"column":4},"end":{"line":33,"column":null}},"7":{"start":{"line":36,"column":27},"end":{"line":47,"column":null}},"8":{"start":{"line":37,"column":17},"end":{"line":37,"column":null}},"9":{"start":{"line":38,"column":4},"end":{"line":46,"column":null}},"10":{"start":{"line":39,"column":21},"end":{"line":39,"column":null}},"11":{"start":{"line":40,"column":6},"end":{"line":42,"column":null}},"12":{"start":{"line":41,"column":8},"end":{"line":41,"column":null}},"13":{"start":{"line":43,"column":6},"end":{"line":43,"column":null}},"14":{"start":{"line":45,"column":6},"end":{"line":45,"column":null}},"15":{"start":{"line":49,"column":21},"end":{"line":71,"column":null}},"16":{"start":{"line":50,"column":4},"end":{"line":70,"column":null}},"17":{"start":{"line":62,"column":8},"end":{"line":68,"column":null}},"18":{"start":{"line":73,"column":24},"end":{"line":78,"column":null}},"19":{"start":{"line":74,"column":4},"end":{"line":77,"column":null}},"20":{"start":{"line":75,"column":6},"end":{"line":75,"column":null}},"21":{"start":{"line":76,"column":6},"end":{"line":76,"column":null}},"22":{"start":{"line":80,"column":25},"end":{"line":84,"column":null}},"23":{"start":{"line":81,"column":4},"end":{"line":81,"column":null}},"24":{"start":{"line":81,"column":58},"end":{"line":81,"column":null}},"25":{"start":{"line":82,"column":4},"end":{"line":82,"column":null}},"26":{"start":{"line":86,"column":2},"end":{"line":165,"column":null}},"27":{"start":{"line":91,"column":25},"end":{"line":91,"column":null}},"28":{"start":{"line":100,"column":35},"end":{"line":100,"column":56}},"29":{"start":{"line":105,"column":25},"end":{"line":105,"column":null}},"30":{"start":{"line":111,"column":50},"end":{"line":111,"column":102}},"31":{"start":{"line":116,"column":57},"end":{"line":116,"column":91}},"32":{"start":{"line":127,"column":29},"end":{"line":127,"column":null}},"33":{"start":{"line":135,"column":53},"end":{"line":135,"column":83}},"34":{"start":{"line":146,"column":35},"end":{"line":146,"column":49}}},"fnMap":{"0":{"name":"(anonymous_0)","decl":{"start":{"line":5,"column":25},"end":{"line":5,"column":31}},"loc":{"start":{"line":5,"column":31},"end":{"line":167,"column":null}},"line":5},"1":{"name":"(anonymous_1)","decl":{"start":{"line":28,"column":12},"end":{"line":28,"column":18}},"loc":{"start":{"line":28,"column":18},"end":{"line":30,"column":5}},"line":28},"2":{"name":"(anonymous_2)","decl":{"start":{"line":32,"column":23},"end":{"line":32,"column":24}},"loc":{"start":{"line":32,"column":70},"end":{"line":34,"column":null}},"line":32},"3":{"name":"(anonymous_3)","decl":{"start":{"line":36,"column":27},"end":{"line":36,"column":28}},"loc":{"start":{"line":36,"column":71},"end":{"line":47,"column":null}},"line":36},"4":{"name":"(anonymous_4)","decl":{"start":{"line":40,"column":22},"end":{"line":40,"column":23}},"loc":{"start":{"line":40,"column":33},"end":{"line":42,"column":null}},"line":40},"5":{"name":"(anonymous_5)","decl":{"start":{"line":49,"column":21},"end":{"line":49,"column":27}},"loc":{"start":{"line":49,"column":27},"end":{"line":71,"column":null}},"line":49},"6":{"name":"(anonymous_6)","decl":{"start":{"line":61,"column":6},"end":{"line":61,"column":7}},"loc":{"start":{"line":61,"column":16},"end":{"line":69,"column":null}},"line":61},"7":{"name":"(anonymous_7)","decl":{"start":{"line":73,"column":24},"end":{"line":73,"column":25}},"loc":{"start":{"line":73,"column":73},"end":{"line":78,"column":null}},"line":73},"8":{"name":"(anonymous_8)","decl":{"start":{"line":80,"column":25},"end":{"line":80,"column":31}},"loc":{"start":{"line":80,"column":31},"end":{"line":84,"column":null}},"line":80},"9":{"name":"(anonymous_9)","decl":{"start":{"line":91,"column":18},"end":{"line":91,"column":19}},"loc":{"start":{"line":91,"column":25},"end":{"line":91,"column":null}},"line":91},"10":{"name":"(anonymous_10)","decl":{"start":{"line":100,"column":29},"end":{"line":100,"column":35}},"loc":{"start":{"line":100,"column":35},"end":{"line":100,"column":56}},"line":100},"11":{"name":"(anonymous_11)","decl":{"start":{"line":105,"column":19},"end":{"line":105,"column":25}},"loc":{"start":{"line":105,"column":25},"end":{"line":105,"column":null}},"line":105},"12":{"name":"(anonymous_12)","decl":{"start":{"line":111,"column":43},"end":{"line":111,"column":44}},"loc":{"start":{"line":111,"column":50},"end":{"line":111,"column":102}},"line":111},"13":{"name":"(anonymous_13)","decl":{"start":{"line":116,"column":50},"end":{"line":116,"column":51}},"loc":{"start":{"line":116,"column":57},"end":{"line":116,"column":91}},"line":116},"14":{"name":"(anonymous_14)","decl":{"start":{"line":127,"column":22},"end":{"line":127,"column":23}},"loc":{"start":{"line":127,"column":29},"end":{"line":127,"column":null}},"line":127},"15":{"name":"(anonymous_15)","decl":{"start":{"line":135,"column":46},"end":{"line":135,"column":47}},"loc":{"start":{"line":135,"column":53},"end":{"line":135,"column":83}},"line":135},"16":{"name":"(anonymous_16)","decl":{"start":{"line":146,"column":29},"end":{"line":146,"column":35}},"loc":{"start":{"line":146,"column":35},"end":{"line":146,"column":49}},"line":146}},"branchMap":{"0":{"loc":{"start":{"line":38,"column":4},"end":{"line":46,"column":null}},"type":"if","locations":[{"start":{"line":38,"column":4},"end":{"line":46,"column":null}},{"start":{"line":44,"column":11},"end":{"line":46,"column":null}}],"line":38},"1":{"loc":{"start":{"line":58,"column":6},"end":{"line":58,"column":null}},"type":"binary-expr","locations":[{"start":{"line":58,"column":6},"end":{"line":58,"column":20}},{"start":{"line":58,"column":20},"end":{"line":58,"column":null}}],"line":58},"2":{"loc":{"start":{"line":74,"column":4},"end":{"line":77,"column":null}},"type":"if","locations":[{"start":{"line":74,"column":4},"end":{"line":77,"column":null}},{"start":{},"end":{}}],"line":74},"3":{"loc":{"start":{"line":74,"column":8},"end":{"line":74,"column":55}},"type":"binary-expr","locations":[{"start":{"line":74,"column":8},"end":{"line":74,"column":30}},{"start":{"line":74,"column":30},"end":{"line":74,"column":43}},{"start":{"line":74,"column":43},"end":{"line":74,"column":55}}],"line":74},"4":{"loc":{"start":{"line":81,"column":4},"end":{"line":81,"column":null}},"type":"if","locations":[{"start":{"line":81,"column":4},"end":{"line":81,"column":null}},{"start":{},"end":{}}],"line":81},"5":{"loc":{"start":{"line":81,"column":8},"end":{"line":81,"column":58}},"type":"binary-expr","locations":[{"start":{"line":81,"column":8},"end":{"line":81,"column":26}},{"start":{"line":81,"column":26},"end":{"line":81,"column":58}}],"line":81},"6":{"loc":{"start":{"line":99,"column":9},"end":{"line":100,"column":null}},"type":"binary-expr","locations":[{"start":{"line":99,"column":9},"end":{"line":99,"column":null}},{"start":{"line":100,"column":12},"end":{"line":100,"column":null}}],"line":99},"7":{"loc":{"start":{"line":107,"column":21},"end":{"line":107,"column":null}},"type":"cond-expr","locations":[{"start":{"line":107,"column":33},"end":{"line":107,"column":51}},{"start":{"line":107,"column":51},"end":{"line":107,"column":null}}],"line":107},"8":{"loc":{"start":{"line":109,"column":11},"end":{"line":109,"column":null}},"type":"cond-expr","locations":[{"start":{"line":109,"column":23},"end":{"line":109,"column":41}},{"start":{"line":109,"column":41},"end":{"line":109,"column":null}}],"line":109},"9":{"loc":{"start":{"line":115,"column":9},"end":{"line":131,"column":null}},"type":"cond-expr","locations":[{"start":{"line":116,"column":10},"end":{"line":122,"column":null}},{"start":{"line":124,"column":10},"end":{"line":131,"column":null}}],"line":115},"10":{"loc":{"start":{"line":145,"column":11},"end":{"line":146,"column":null}},"type":"binary-expr","locations":[{"start":{"line":145,"column":11},"end":{"line":145,"column":null}},{"start":{"line":146,"column":12},"end":{"line":146,"column":null}}],"line":145},"11":{"loc":{"start":{"line":152,"column":15},"end":{"line":152,"column":null}},"type":"binary-expr","locations":[{"start":{"line":152,"column":15},"end":{"line":152,"column":29}},{"start":{"line":152,"column":29},"end":{"line":152,"column":null}}],"line":152},"12":{"loc":{"start":{"line":157,"column":7},"end":{"line":163,"column":null}},"type":"binary-expr","locations":[{"start":{"line":157,"column":7},"end":{"line":157,"column":null}},{"start":{"line":158,"column":8},"end":{"line":163,"column":null}}],"line":157}},"s":{"0":2,"1":36,"2":36,"3":36,"4":19,"5":36,"6":1,"7":36,"8":1,"9":1,"10":1,"11":1,"12":1,"13":1,"14":0,"15":36,"16":4,"17":2,"18":36,"19":1,"20":1,"21":1,"22":36,"23":1,"24":0,"25":1,"26":36,"27":0,"28":1,"29":3,"30":1,"31":1,"32":1,"33":0,"34":0},"f":{"0":36,"1":19,"2":1,"3":1,"4":1,"5":4,"6":2,"7":1,"8":1,"9":0,"10":1,"11":3,"12":1,"13":1,"14":1,"15":0,"16":0},"b":{"0":[1,0],"1":[4,4],"2":[1,0],"3":[1,1,0],"4":[0,1],"5":[1,1],"6":[36,10],"7":[4,32],"8":[4,32],"9":[33,3],"10":[36,3],"11":[36,33],"12":[36,1]},"meta":{"lastBranch":13,"lastFunction":17,"lastStatement":35,"seen":{"s:5:25:167:Infinity":0,"f:5:25:5:31":0,"s:25:2:25:Infinity":1,"s:26:34:26:Infinity":2,"s:28:2:30:Infinity":3,"f:28:12:28:18":1,"s:29:4:29:Infinity":4,"s:32:23:34:Infinity":5,"f:32:23:32:24":2,"s:33:4:33:Infinity":6,"s:36:27:47:Infinity":7,"f:36:27:36:28":3,"s:37:17:37:Infinity":8,"b:38:4:46:Infinity:44:11:46:Infinity":0,"s:38:4:46:Infinity":9,"s:39:21:39:Infinity":10,"s:40:6:42:Infinity":11,"f:40:22:40:23":4,"s:41:8:41:Infinity":12,"s:43:6:43:Infinity":13,"s:45:6:45:Infinity":14,"s:49:21:71:Infinity":15,"f:49:21:49:27":5,"s:50:4:70:Infinity":16,"b:58:6:58:20:58:20:58:Infinity":1,"f:61:6:61:7":6,"s:62:8:68:Infinity":17,"s:73:24:78:Infinity":18,"f:73:24:73:25":7,"b:74:4:77:Infinity:undefined:undefined:undefined:undefined":2,"s:74:4:77:Infinity":19,"b:74:8:74:30:74:30:74:43:74:43:74:55":3,"s:75:6:75:Infinity":20,"s:76:6:76:Infinity":21,"s:80:25:84:Infinity":22,"f:80:25:80:31":8,"b:81:4:81:Infinity:undefined:undefined:undefined:undefined":4,"s:81:4:81:Infinity":23,"b:81:8:81:26:81:26:81:58":5,"s:81:58:81:Infinity":24,"s:82:4:82:Infinity":25,"s:86:2:165:Infinity":26,"f:91:18:91:19":9,"s:91:25:91:Infinity":27,"b:99:9:99:Infinity:100:12:100:Infinity":6,"f:100:29:100:35":10,"s:100:35:100:56":28,"f:105:19:105:25":11,"s:105:25:105:Infinity":29,"b:107:33:107:51:107:51:107:Infinity":7,"b:109:23:109:41:109:41:109:Infinity":8,"f:111:43:111:44":12,"s:111:50:111:102":30,"b:116:10:122:Infinity:124:10:131:Infinity":9,"f:116:50:116:51":13,"s:116:57:116:91":31,"f:127:22:127:23":14,"s:127:29:127:Infinity":32,"f:135:46:135:47":15,"s:135:53:135:83":33,"b:145:11:145:Infinity:146:12:146:Infinity":10,"f:146:29:146:35":16,"s:146:35:146:49":34,"b:152:15:152:29:152:29:152:Infinity":11,"b:157:7:157:Infinity:158:8:163:Infinity":12}}}
,"/home/mike/Projects/openpad/packages/frontend/src/Header.tsx": {"path":"/home/mike/Projects/openpad/packages/frontend/src/Header.tsx","statementMap":{"0":{"start":{"line":8,"column":38},"end":{"line":18,"column":null}},"1":{"start":{"line":9,"column":2},"end":{"line":16,"column":null}}},"fnMap":{"0":{"name":"(anonymous_0)","decl":{"start":{"line":8,"column":38},"end":{"line":8,"column":39}},"loc":{"start":{"line":8,"column":74},"end":{"line":18,"column":null}},"line":8}},"branchMap":{},"s":{"0":2,"1":15},"f":{"0":15},"b":{},"meta":{"lastBranch":0,"lastFunction":1,"lastStatement":2,"seen":{"s:8:38:18:Infinity":0,"f:8:38:8:39":0,"s:9:2:16:Infinity":1}}}
,"/home/mike/Projects/openpad/packages/frontend/src/History.tsx": {"path":"/home/mike/Projects/openpad/packages/frontend/src/History.tsx","statementMap":{"0":{"start":{"line":8,"column":40},"end":{"line":49,"column":null}},"1":{"start":{"line":9,"column":49},"end":{"line":9,"column":null}},"2":{"start":{"line":11,"column":21},"end":{"line":14,"column":null}},"3":{"start":{"line":12,"column":4},"end":{"line":12,"column":null}},"4":{"start":{"line":13,"column":4},"end":{"line":13,"column":null}},"5":{"start":{"line":16,"column":2},"end":{"line":47,"column":null}},"6":{"start":{"line":32,"column":14},"end":{"line":42,"column":null}},"7":{"start":{"line":40,"column":43},"end":{"line":40,"column":61}}},"fnMap":{"0":{"name":"(anonymous_0)","decl":{"start":{"line":8,"column":40},"end":{"line":8,"column":41}},"loc":{"start":{"line":8,"column":57},"end":{"line":49,"column":null}},"line":8},"1":{"name":"(anonymous_1)","decl":{"start":{"line":11,"column":21},"end":{"line":11,"column":22}},"loc":{"start":{"line":11,"column":44},"end":{"line":14,"column":null}},"line":11},"2":{"name":"(anonymous_2)","decl":{"start":{"line":31,"column":25},"end":{"line":31,"column":26}},"loc":{"start":{"line":32,"column":14},"end":{"line":42,"column":null}},"line":32},"3":{"name":"(anonymous_3)","decl":{"start":{"line":40,"column":37},"end":{"line":40,"column":43}},"loc":{"start":{"line":40,"column":43},"end":{"line":40,"column":61}},"line":40}},"branchMap":{"0":{"loc":{"start":{"line":27,"column":9},"end":{"line":44,"column":null}},"type":"cond-expr","locations":[{"start":{"line":28,"column":10},"end":{"line":28,"column":null}},{"start":{"line":30,"column":10},"end":{"line":44,"column":null}}],"line":27},"1":{"loc":{"start":{"line":38,"column":17},"end":{"line":38,"column":null}},"type":"binary-expr","locations":[{"start":{"line":38,"column":17},"end":{"line":38,"column":36}},{"start":{"line":38,"column":36},"end":{"line":38,"column":null}}],"line":38}},"s":{"0":2,"1":7,"2":7,"3":1,"4":1,"5":7,"6":4,"7":1},"f":{"0":7,"1":1,"2":4,"3":1},"b":{"0":[3,4],"1":[4,0]},"meta":{"lastBranch":2,"lastFunction":4,"lastStatement":8,"seen":{"s:8:40:49:Infinity":0,"f:8:40:8:41":0,"s:9:49:9:Infinity":1,"s:11:21:14:Infinity":2,"f:11:21:11:22":1,"s:12:4:12:Infinity":3,"s:13:4:13:Infinity":4,"s:16:2:47:Infinity":5,"b:28:10:28:Infinity:30:10:44:Infinity":0,"f:31:25:31:26":2,"s:32:14:42:Infinity":6,"b:38:17:38:36:38:36:38:Infinity":1,"f:40:37:40:43":3,"s:40:43:40:61":7}}}
,"/home/mike/Projects/openpad/packages/frontend/src/Preview.tsx": {"path":"/home/mike/Projects/openpad/packages/frontend/src/Preview.tsx","statementMap":{"0":{"start":{"line":6,"column":26},"end":{"line":41,"column":null}},"1":{"start":{"line":12,"column":2},"end":{"line":12,"column":null}},"2":{"start":{"line":13,"column":30},"end":{"line":13,"column":null}},"3":{"start":{"line":15,"column":21},"end":{"line":17,"column":null}},"4":{"start":{"line":16,"column":4},"end":{"line":16,"column":null}},"5":{"start":{"line":19,"column":2},"end":{"line":39,"column":null}},"6":{"start":{"line":27,"column":29},"end":{"line":27,"column":null}},"7":{"start":{"line":30,"column":50},"end":{"line":30,"column":null}}},"fnMap":{"0":{"name":"(anonymous_0)","decl":{"start":{"line":6,"column":26},"end":{"line":6,"column":32}},"loc":{"start":{"line":6,"column":32},"end":{"line":41,"column":null}},"line":6},"1":{"name":"(anonymous_1)","decl":{"start":{"line":15,"column":21},"end":{"line":15,"column":27}},"loc":{"start":{"line":15,"column":27},"end":{"line":17,"column":null}},"line":15},"2":{"name":"(anonymous_2)","decl":{"start":{"line":27,"column":22},"end":{"line":27,"column":23}},"loc":{"start":{"line":27,"column":29},"end":{"line":27,"column":null}},"line":27},"3":{"name":"(anonymous_3)","decl":{"start":{"line":30,"column":43},"end":{"line":30,"column":44}},"loc":{"start":{"line":30,"column":50},"end":{"line":30,"column":null}},"line":30}},"branchMap":{},"s":{"0":2,"1":18,"2":18,"3":18,"4":1,"5":18,"6":1,"7":2},"f":{"0":18,"1":1,"2":1,"3":2},"b":{},"meta":{"lastBranch":0,"lastFunction":4,"lastStatement":8,"seen":{"s:6:26:41:Infinity":0,"f:6:26:6:32":0,"s:12:2:12:Infinity":1,"s:13:30:13:Infinity":2,"s:15:21:17:Infinity":3,"f:15:21:15:27":1,"s:16:4:16:Infinity":4,"s:19:2:39:Infinity":5,"f:27:22:27:23":2,"s:27:29:27:Infinity":6,"f:30:43:30:44":3,"s:30:50:30:Infinity":7}}}
,"/home/mike/Projects/openpad/packages/frontend/src/Viewer.tsx": {"path":"/home/mike/Projects/openpad/packages/frontend/src/Viewer.tsx","statementMap":{"0":{"start":{"line":9,"column":2},"end":{"line":15,"column":null}},"1":{"start":{"line":10,"column":18},"end":{"line":12,"column":null}},"2":{"start":{"line":11,"column":6},"end":{"line":11,"column":null}},"3":{"start":{"line":14,"column":4},"end":{"line":14,"column":null}},"4":{"start":{"line":14,"column":17},"end":{"line":14,"column":null}},"5":{"start":{"line":17,"column":2},"end":{"line":17,"column":null}},"6":{"start":{"line":23,"column":2},"end":{"line":33,"column":null}},"7":{"start":{"line":25,"column":6},"end":{"line":25,"column":null}},"8":{"start":{"line":26,"column":6},"end":{"line":26,"column":null}},"9":{"start":{"line":28,"column":6},"end":{"line":28,"column":null}},"10":{"start":{"line":29,"column":6},"end":{"line":29,"column":null}},"11":{"start":{"line":31,"column":6},"end":{"line":31,"column":null}},"12":{"start":{"line":32,"column":6},"end":{"line":32,"column":null}},"13":{"start":{"line":34,"column":8},"end":{"line":34,"column":null}},"14":{"start":{"line":36,"column":2},"end":{"line":39,"column":null}},"15":{"start":{"line":51,"column":18},"end":{"line":51,"column":null}},"16":{"start":{"line":53,"column":2},"end":{"line":64,"column":null}}},"fnMap":{"0":{"name":"SlowLoadFallback","decl":{"start":{"line":8,"column":9},"end":{"line":8,"column":28}},"loc":{"start":{"line":8,"column":28},"end":{"line":18,"column":null}},"line":8},"1":{"name":"(anonymous_1)","decl":{"start":{"line":9,"column":12},"end":{"line":9,"column":18}},"loc":{"start":{"line":9,"column":18},"end":{"line":15,"column":5}},"line":9},"2":{"name":"(anonymous_2)","decl":{"start":{"line":10,"column":29},"end":{"line":10,"column":35}},"loc":{"start":{"line":10,"column":35},"end":{"line":12,"column":7}},"line":10},"3":{"name":"(anonymous_3)","decl":{"start":{"line":14,"column":11},"end":{"line":14,"column":17}},"loc":{"start":{"line":14,"column":17},"end":{"line":14,"column":null}},"line":14},"4":{"name":"Model","decl":{"start":{"line":21,"column":9},"end":{"line":21,"column":15}},"loc":{"start":{"line":21,"column":88},"end":{"line":41,"column":null}},"line":21},"5":{"name":"Viewer","decl":{"start":{"line":49,"column":24},"end":{"line":49,"column":31}},"loc":{"start":{"line":49,"column":68},"end":{"line":66,"column":null}},"line":49}},"branchMap":{"0":{"loc":{"start":{"line":23,"column":2},"end":{"line":33,"column":null}},"type":"switch","locations":[{"start":{"line":24,"column":4},"end":{"line":26,"column":null}},{"start":{"line":27,"column":4},"end":{"line":29,"column":null}},{"start":{"line":30,"column":4},"end":{"line":32,"column":null}}],"line":23},"1":{"loc":{"start":{"line":38,"column":35},"end":{"line":38,"column":54}},"type":"binary-expr","locations":[{"start":{"line":38,"column":35},"end":{"line":38,"column":44}},{"start":{"line":38,"column":44},"end":{"line":38,"column":54}}],"line":38},"2":{"loc":{"start":{"line":51,"column":18},"end":{"line":51,"column":null}},"type":"cond-expr","locations":[{"start":{"line":51,"column":24},"end":{"line":51,"column":72}},{"start":{"line":51,"column":72},"end":{"line":51,"column":null}}],"line":51},"3":{"loc":{"start":{"line":60,"column":11},"end":{"line":60,"column":null}},"type":"binary-expr","locations":[{"start":{"line":60,"column":11},"end":{"line":60,"column":22}},{"start":{"line":60,"column":22},"end":{"line":60,"column":null}}],"line":60}},"s":{"0":0,"1":0,"2":0,"3":0,"4":0,"5":0,"6":0,"7":0,"8":0,"9":0,"10":0,"11":0,"12":0,"13":0,"14":0,"15":19,"16":19},"f":{"0":0,"1":0,"2":0,"3":0,"4":0,"5":19},"b":{"0":[0,0,0],"1":[0,0],"2":[4,15],"3":[19,4]},"meta":{"lastBranch":4,"lastFunction":6,"lastStatement":17,"seen":{"f:8:9:8:28":0,"s:9:2:15:Infinity":0,"f:9:12:9:18":1,"s:10:18:12:Infinity":1,"f:10:29:10:35":2,"s:11:6:11:Infinity":2,"s:14:4:14:Infinity":3,"f:14:11:14:17":3,"s:14:17:14:Infinity":4,"s:17:2:17:Infinity":5,"f:21:9:21:15":4,"b:24:4:26:Infinity:27:4:29:Infinity:30:4:32:Infinity":0,"s:23:2:33:Infinity":6,"s:25:6:25:Infinity":7,"s:26:6:26:Infinity":8,"s:28:6:28:Infinity":9,"s:29:6:29:Infinity":10,"s:31:6:31:Infinity":11,"s:32:6:32:Infinity":12,"s:34:8:34:Infinity":13,"s:36:2:39:Infinity":14,"b:38:35:38:44:38:44:38:54":1,"f:49:24:49:31":5,"s:51:18:51:Infinity":15,"b:51:24:51:72:51:72:51:Infinity":2,"s:53:2:64:Infinity":16,"b:60:11:60:22:60:22:60:Infinity":3}}}
,"/home/mike/Projects/openpad/packages/frontend/src/api.ts": {"path":"/home/mike/Projects/openpad/packages/frontend/src/api.ts","statementMap":{"0":{"start":{"line":3,"column":28},"end":{"line":25,"column":null}},"1":{"start":{"line":4,"column":25},"end":{"line":4,"column":null}},"2":{"start":{"line":6,"column":104},"end":{"line":6,"column":null}},"3":{"start":{"line":7,"column":2},"end":{"line":9,"column":null}},"4":{"start":{"line":8,"column":4},"end":{"line":8,"column":null}},"5":{"start":{"line":11,"column":19},"end":{"line":17,"column":null}},"6":{"start":{"line":19,"column":15},"end":{"line":19,"column":null}},"7":{"start":{"line":20,"column":2},"end":{"line":23,"column":null}},"8":{"start":{"line":21,"column":25},"end":{"line":21,"column":null}},"9":{"start":{"line":22,"column":4},"end":{"line":22,"column":null}},"10":{"start":{"line":24,"column":2},"end":{"line":24,"column":null}},"11":{"start":{"line":27,"column":27},"end":{"line":42,"column":null}},"12":{"start":{"line":28,"column":19},"end":{"line":34,"column":null}},"13":{"start":{"line":36,"column":17},"end":{"line":36,"column":null}},"14":{"start":{"line":37,"column":2},"end":{"line":40,"column":null}},"15":{"start":{"line":38,"column":25},"end":{"line":38,"column":null}},"16":{"start":{"line":39,"column":4},"end":{"line":39,"column":null}},"17":{"start":{"line":41,"column":2},"end":{"line":41,"column":null}},"18":{"start":{"line":44,"column":27},"end":{"line":58,"column":null}},"19":{"start":{"line":45,"column":19},"end":{"line":51,"column":null}},"20":{"start":{"line":53,"column":15},"end":{"line":53,"column":null}},"21":{"start":{"line":54,"column":2},"end":{"line":56,"column":null}},"22":{"start":{"line":55,"column":4},"end":{"line":55,"column":null}},"23":{"start":{"line":57,"column":2},"end":{"line":57,"column":null}},"24":{"start":{"line":60,"column":28},"end":{"line":67,"column":null}},"25":{"start":{"line":61,"column":15},"end":{"line":61,"column":null}},"26":{"start":{"line":62,"column":2},"end":{"line":62,"column":null}},"27":{"start":{"line":63,"column":2},"end":{"line":63,"column":null}},"28":{"start":{"line":64,"column":2},"end":{"line":64,"column":null}},"29":{"start":{"line":65,"column":2},"end":{"line":65,"column":null}},"30":{"start":{"line":66,"column":2},"end":{"line":66,"column":null}},"31":{"start":{"line":69,"column":30},"end":{"line":115,"column":null}},"32":{"start":{"line":82,"column":2},"end":{"line":82,"column":null}},"33":{"start":{"line":83,"column":2},"end":{"line":83,"column":null}},"34":{"start":{"line":84,"column":2},"end":{"line":84,"column":null}},"35":{"start":{"line":86,"column":8},"end":{"line":95,"column":null}},"36":{"start":{"line":87,"column":37},"end":{"line":89,"column":null}},"37":{"start":{"line":91,"column":4},"end":{"line":91,"column":null}},"38":{"start":{"line":92,"column":20},"end":{"line":92,"column":null}},"39":{"start":{"line":94,"column":4},"end":{"line":94,"column":null}},"40":{"start":{"line":97,"column":2},"end":{"line":114,"column":null}},"41":{"start":{"line":100,"column":6},"end":{"line":100,"column":null}},"42":{"start":{"line":101,"column":6},"end":{"line":103,"column":null}},"43":{"start":{"line":102,"column":8},"end":{"line":102,"column":null}},"44":{"start":{"line":104,"column":6},"end":{"line":104,"column":null}},"45":{"start":{"line":105,"column":6},"end":{"line":107,"column":null}},"46":{"start":{"line":106,"column":8},"end":{"line":106,"column":null}},"47":{"start":{"line":108,"column":6},"end":{"line":108,"column":null}},"48":{"start":{"line":111,"column":6},"end":{"line":111,"column":null}},"49":{"start":{"line":112,"column":6},"end":{"line":112,"column":null}},"50":{"start":{"line":117,"column":30},"end":{"line":129,"column":null}},"51":{"start":{"line":118,"column":2},"end":{"line":118,"column":null}},"52":{"start":{"line":118,"column":16},"end":{"line":118,"column":null}},"53":{"start":{"line":120,"column":18},"end":{"line":122,"column":null}},"54":{"start":{"line":121,"column":4},"end":{"line":121,"column":null}},"55":{"start":{"line":124,"column":2},"end":{"line":128,"column":null}}},"fnMap":{"0":{"name":"(anonymous_0)","decl":{"start":{"line":3,"column":28},"end":{"line":3,"column":35}},"loc":{"start":{"line":3,"column":154},"end":{"line":25,"column":null}},"line":3},"1":{"name":"(anonymous_1)","decl":{"start":{"line":27,"column":27},"end":{"line":27,"column":34}},"loc":{"start":{"line":27,"column":51},"end":{"line":42,"column":null}},"line":27},"2":{"name":"(anonymous_2)","decl":{"start":{"line":44,"column":27},"end":{"line":44,"column":34}},"loc":{"start":{"line":44,"column":53},"end":{"line":58,"column":null}},"line":44},"3":{"name":"(anonymous_3)","decl":{"start":{"line":60,"column":28},"end":{"line":60,"column":29}},"loc":{"start":{"line":60,"column":83},"end":{"line":67,"column":null}},"line":60},"4":{"name":"(anonymous_4)","decl":{"start":{"line":69,"column":30},"end":{"line":69,"column":null}},"loc":{"start":{"line":81,"column":5},"end":{"line":115,"column":null}},"line":81},"5":{"name":"(anonymous_5)","decl":{"start":{"line":86,"column":19},"end":{"line":86,"column":31}},"loc":{"start":{"line":86,"column":31},"end":{"line":95,"column":5}},"line":86},"6":{"name":"(anonymous_6)","decl":{"start":{"line":99,"column":13},"end":{"line":99,"column":14}},"loc":{"start":{"line":99,"column":23},"end":{"line":109,"column":null}},"line":99},"7":{"name":"(anonymous_7)","decl":{"start":{"line":110,"column":11},"end":{"line":110,"column":12}},"loc":{"start":{"line":110,"column":20},"end":{"line":113,"column":null}},"line":110},"8":{"name":"(anonymous_8)","decl":{"start":{"line":117,"column":30},"end":{"line":117,"column":37}},"loc":{"start":{"line":117,"column":96},"end":{"line":129,"column":null}},"line":117},"9":{"name":"(anonymous_9)","decl":{"start":{"line":120,"column":43},"end":{"line":120,"column":44}},"loc":{"start":{"line":120,"column":57},"end":{"line":122,"column":3}},"line":120}},"branchMap":{"0":{"loc":{"start":{"line":3,"column":109},"end":{"line":3,"column":154}},"type":"default-arg","locations":[{"start":{"line":3,"column":141},"end":{"line":3,"column":154}}],"line":3},"1":{"loc":{"start":{"line":7,"column":2},"end":{"line":9,"column":null}},"type":"if","locations":[{"start":{"line":7,"column":2},"end":{"line":9,"column":null}},{"start":{},"end":{}}],"line":7},"2":{"loc":{"start":{"line":20,"column":2},"end":{"line":23,"column":null}},"type":"if","locations":[{"start":{"line":20,"column":2},"end":{"line":23,"column":null}},{"start":{},"end":{}}],"line":20},"3":{"loc":{"start":{"line":21,"column":25},"end":{"line":21,"column":null}},"type":"binary-expr","locations":[{"start":{"line":21,"column":25},"end":{"line":21,"column":41}},{"start":{"line":21,"column":41},"end":{"line":21,"column":null}}],"line":21},"4":{"loc":{"start":{"line":37,"column":2},"end":{"line":40,"column":null}},"type":"if","locations":[{"start":{"line":37,"column":2},"end":{"line":40,"column":null}},{"start":{},"end":{}}],"line":37},"5":{"loc":{"start":{"line":38,"column":25},"end":{"line":38,"column":null}},"type":"binary-expr","locations":[{"start":{"line":38,"column":25},"end":{"line":38,"column":43}},{"start":{"line":38,"column":43},"end":{"line":38,"column":null}}],"line":38},"6":{"loc":{"start":{"line":54,"column":2},"end":{"line":56,"column":null}},"type":"if","locations":[{"start":{"line":54,"column":2},"end":{"line":56,"column":null}},{"start":{},"end":{}}],"line":54},"7":{"loc":{"start":{"line":87,"column":37},"end":{"line":89,"column":null}},"type":"cond-expr","locations":[{"start":{"line":88,"column":8},"end":{"line":88,"column":null}},{"start":{"line":89,"column":8},"end":{"line":89,"column":null}}],"line":87},"8":{"loc":{"start":{"line":89,"column":50},"end":{"line":89,"column":70}},"type":"binary-expr","locations":[{"start":{"line":89,"column":50},"end":{"line":89,"column":59}},{"start":{"line":89,"column":59},"end":{"line":89,"column":70}}],"line":89},"9":{"loc":{"start":{"line":98,"column":13},"end":{"line":98,"column":null}},"type":"cond-expr","locations":[{"start":{"line":98,"column":26},"end":{"line":98,"column":67}},{"start":{"line":98,"column":67},"end":{"line":98,"column":null}}],"line":98},"10":{"loc":{"start":{"line":101,"column":6},"end":{"line":103,"column":null}},"type":"if","locations":[{"start":{"line":101,"column":6},"end":{"line":103,"column":null}},{"start":{},"end":{}}],"line":101},"11":{"loc":{"start":{"line":105,"column":6},"end":{"line":107,"column":null}},"type":"if","locations":[{"start":{"line":105,"column":6},"end":{"line":107,"column":null}},{"start":{},"end":{}}],"line":105},"12":{"loc":{"start":{"line":118,"column":2},"end":{"line":118,"column":null}},"type":"if","locations":[{"start":{"line":118,"column":2},"end":{"line":118,"column":null}},{"start":{},"end":{}}],"line":118}},"s":{"0":4,"1":3,"2":3,"3":3,"4":0,"5":3,"6":3,"7":3,"8":1,"9":1,"10":2,"11":4,"12":3,"13":3,"14":3,"15":1,"16":1,"17":2,"18":4,"19":3,"20":3,"21":3,"22":1,"23":2,"24":4,"25":1,"26":1,"27":1,"28":1,"29":1,"30":1,"31":4,"32":1,"33":1,"34":1,"35":1,"36":1,"37":1,"38":1,"39":1,"40":1,"41":1,"42":1,"43":1,"44":1,"45":1,"46":1,"47":1,"48":0,"49":0,"50":4,"51":1,"52":0,"53":1,"54":1,"55":1},"f":{"0":3,"1":3,"2":3,"3":1,"4":1,"5":1,"6":1,"7":0,"8":1,"9":1},"b":{"0":[3],"1":[0,3],"2":[1,2],"3":[1,0],"4":[1,2],"5":[1,0],"6":[1,2],"7":[0,1],"8":[1,0],"9":[0,1],"10":[1,0],"11":[1,0],"12":[0,1]},"meta":{"lastBranch":13,"lastFunction":10,"lastStatement":56,"seen":{"s:3:28:25:Infinity":0,"f:3:28:3:35":0,"b:3:141:3:154":0,"s:4:25:4:Infinity":1,"s:6:104:6:Infinity":2,"b:7:2:9:Infinity:undefined:undefined:undefined:undefined":1,"s:7:2:9:Infinity":3,"s:8:4:8:Infinity":4,"s:11:19:17:Infinity":5,"s:19:15:19:Infinity":6,"b:20:2:23:Infinity:undefined:undefined:undefined:undefined":2,"s:20:2:23:Infinity":7,"s:21:25:21:Infinity":8,"b:21:25:21:41:21:41:21:Infinity":3,"s:22:4:22:Infinity":9,"s:24:2:24:Infinity":10,"s:27:27:42:Infinity":11,"f:27:27:27:34":1,"s:28:19:34:Infinity":12,"s:36:17:36:Infinity":13,"b:37:2:40:Infinity:undefined:undefined:undefined:undefined":4,"s:37:2:40:Infinity":14,"s:38:25:38:Infinity":15,"b:38:25:38:43:38:43:38:Infinity":5,"s:39:4:39:Infinity":16,"s:41:2:41:Infinity":17,"s:44:27:58:Infinity":18,"f:44:27:44:34":2,"s:45:19:51:Infinity":19,"s:53:15:53:Infinity":20,"b:54:2:56:Infinity:undefined:undefined:undefined:undefined":6,"s:54:2:56:Infinity":21,"s:55:4:55:Infinity":22,"s:57:2:57:Infinity":23,"s:60:28:67:Infinity":24,"f:60:28:60:29":3,"s:61:15:61:Infinity":25,"s:62:2:62:Infinity":26,"s:63:2:63:Infinity":27,"s:64:2:64:Infinity":28,"s:65:2:65:Infinity":29,"s:66:2:66:Infinity":30,"s:69:30:115:Infinity":31,"f:69:30:69:Infinity":4,"s:82:2:82:Infinity":32,"s:83:2:83:Infinity":33,"s:84:2:84:Infinity":34,"s:86:8:95:Infinity":35,"f:86:19:86:31":5,"s:87:37:89:Infinity":36,"b:88:8:88:Infinity:89:8:89:Infinity":7,"b:89:50:89:59:89:59:89:70":8,"s:91:4:91:Infinity":37,"s:92:20:92:Infinity":38,"s:94:4:94:Infinity":39,"s:97:2:114:Infinity":40,"b:98:26:98:67:98:67:98:Infinity":9,"f:99:13:99:14":6,"s:100:6:100:Infinity":41,"b:101:6:103:Infinity:undefined:undefined:undefined:undefined":10,"s:101:6:103:Infinity":42,"s:102:8:102:Infinity":43,"s:104:6:104:Infinity":44,"b:105:6:107:Infinity:undefined:undefined:undefined:undefined":11,"s:105:6:107:Infinity":45,"s:106:8:106:Infinity":46,"s:108:6:108:Infinity":47,"f:110:11:110:12":7,"s:111:6:111:Infinity":48,"s:112:6:112:Infinity":49,"s:117:30:129:Infinity":50,"f:117:30:117:37":8,"b:118:2:118:Infinity:undefined:undefined:undefined:undefined":12,"s:118:2:118:Infinity":51,"s:118:16:118:Infinity":52,"s:120:18:122:Infinity":53,"f:120:43:120:44":9,"s:121:4:121:Infinity":54,"s:124:2:128:Infinity":55}}}
,"/home/mike/Projects/openpad/packages/frontend/src/store.ts": {"path":"/home/mike/Projects/openpad/packages/frontend/src/store.ts","statementMap":{"0":{"start":{"line":45,"column":13},"end":{"line":102,"column":null}},"1":{"start":{"line":47,"column":14},"end":{"line":96,"column":null}},"2":{"start":{"line":61,"column":29},"end":{"line":61,"column":null}},"3":{"start":{"line":62,"column":43},"end":{"line":62,"column":null}},"4":{"start":{"line":63,"column":31},"end":{"line":63,"column":null}},"5":{"start":{"line":64,"column":45},"end":{"line":64,"column":null}},"6":{"start":{"line":65,"column":35},"end":{"line":65,"column":null}},"7":{"start":{"line":66,"column":35},"end":{"line":66,"column":null}},"8":{"start":{"line":67,"column":39},"end":{"line":67,"column":null}},"9":{"start":{"line":68,"column":43},"end":{"line":68,"column":null}},"10":{"start":{"line":69,"column":33},"end":{"line":69,"column":null}},"11":{"start":{"line":70,"column":35},"end":{"line":70,"column":null}},"12":{"start":{"line":71,"column":37},"end":{"line":71,"column":null}},"13":{"start":{"line":72,"column":41},"end":{"line":72,"column":null}},"14":{"start":{"line":74,"column":8},"end":{"line":83,"column":null}},"15":{"start":{"line":74,"column":24},"end":{"line":83,"column":10}},"16":{"start":{"line":84,"column":26},"end":{"line":84,"column":null}},"17":{"start":{"line":86,"column":8},"end":{"line":95,"column":null}},"18":{"start":{"line":99,"column":30},"end":{"line":99,"column":null}}},"fnMap":{"0":{"name":"(anonymous_0)","decl":{"start":{"line":47,"column":4},"end":{"line":47,"column":5}},"loc":{"start":{"line":47,"column":14},"end":{"line":96,"column":null}},"line":47},"1":{"name":"(anonymous_1)","decl":{"start":{"line":61,"column":17},"end":{"line":61,"column":18}},"loc":{"start":{"line":61,"column":29},"end":{"line":61,"column":null}},"line":61},"2":{"name":"(anonymous_2)","decl":{"start":{"line":62,"column":24},"end":{"line":62,"column":25}},"loc":{"start":{"line":62,"column":43},"end":{"line":62,"column":null}},"line":62},"3":{"name":"(anonymous_3)","decl":{"start":{"line":63,"column":18},"end":{"line":63,"column":19}},"loc":{"start":{"line":63,"column":31},"end":{"line":63,"column":null}},"line":63},"4":{"name":"(anonymous_4)","decl":{"start":{"line":64,"column":25},"end":{"line":64,"column":26}},"loc":{"start":{"line":64,"column":45},"end":{"line":64,"column":null}},"line":64},"5":{"name":"(anonymous_5)","decl":{"start":{"line":65,"column":20},"end":{"line":65,"column":21}},"loc":{"start":{"line":65,"column":35},"end":{"line":65,"column":null}},"line":65},"6":{"name":"(anonymous_6)","decl":{"start":{"line":66,"column":20},"end":{"line":66,"column":21}},"loc":{"start":{"line":66,"column":35},"end":{"line":66,"column":null}},"line":66},"7":{"name":"(anonymous_7)","decl":{"start":{"line":67,"column":22},"end":{"line":67,"column":23}},"loc":{"start":{"line":67,"column":39},"end":{"line":67,"column":null}},"line":67},"8":{"name":"(anonymous_8)","decl":{"start":{"line":68,"column":24},"end":{"line":68,"column":25}},"loc":{"start":{"line":68,"column":43},"end":{"line":68,"column":null}},"line":68},"9":{"name":"(anonymous_9)","decl":{"start":{"line":69,"column":19},"end":{"line":69,"column":20}},"loc":{"start":{"line":69,"column":33},"end":{"line":69,"column":null}},"line":69},"10":{"name":"(anonymous_10)","decl":{"start":{"line":70,"column":20},"end":{"line":70,"column":21}},"loc":{"start":{"line":70,"column":35},"end":{"line":70,"column":null}},"line":70},"11":{"name":"(anonymous_11)","decl":{"start":{"line":71,"column":21},"end":{"line":71,"column":22}},"loc":{"start":{"line":71,"column":37},"end":{"line":71,"column":null}},"line":71},"12":{"name":"(anonymous_12)","decl":{"start":{"line":72,"column":23},"end":{"line":72,"column":24}},"loc":{"start":{"line":72,"column":41},"end":{"line":72,"column":null}},"line":72},"13":{"name":"(anonymous_13)","decl":{"start":{"line":73,"column":20},"end":{"line":73,"column":21}},"loc":{"start":{"line":74,"column":8},"end":{"line":83,"column":null}},"line":74},"14":{"name":"(anonymous_14)","decl":{"start":{"line":74,"column":12},"end":{"line":74,"column":13}},"loc":{"start":{"line":74,"column":24},"end":{"line":83,"column":10}},"line":74},"15":{"name":"(anonymous_15)","decl":{"start":{"line":84,"column":20},"end":{"line":84,"column":26}},"loc":{"start":{"line":84,"column":26},"end":{"line":84,"column":null}},"line":84},"16":{"name":"(anonymous_16)","decl":{"start":{"line":85,"column":23},"end":{"line":85,"column":24}},"loc":{"start":{"line":86,"column":8},"end":{"line":95,"column":null}},"line":86},"17":{"name":"(anonymous_17)","decl":{"start":{"line":99,"column":18},"end":{"line":99,"column":19}},"loc":{"start":{"line":99,"column":30},"end":{"line":99,"column":null}},"line":99}},"branchMap":{},"s":{"0":4,"1":4,"2":0,"3":1,"4":2,"5":2,"6":2,"7":2,"8":2,"9":2,"10":1,"11":0,"12":2,"13":1,"14":2,"15":2,"16":2,"17":1,"18":57},"f":{"0":4,"1":0,"2":1,"3":2,"4":2,"5":2,"6":2,"7":2,"8":2,"9":1,"10":0,"11":2,"12":1,"13":2,"14":2,"15":2,"16":1,"17":57},"b":{},"meta":{"lastBranch":0,"lastFunction":18,"lastStatement":19,"seen":{"s:45:13:102:Infinity":0,"f:47:4:47:5":0,"s:47:14:96:Infinity":1,"f:61:17:61:18":1,"s:61:29:61:Infinity":2,"f:62:24:62:25":2,"s:62:43:62:Infinity":3,"f:63:18:63:19":3,"s:63:31:63:Infinity":4,"f:64:25:64:26":4,"s:64:45:64:Infinity":5,"f:65:20:65:21":5,"s:65:35:65:Infinity":6,"f:66:20:66:21":6,"s:66:35:66:Infinity":7,"f:67:22:67:23":7,"s:67:39:67:Infinity":8,"f:68:24:68:25":8,"s:68:43:68:Infinity":9,"f:69:19:69:20":9,"s:69:33:69:Infinity":10,"f:70:20:70:21":10,"s:70:35:70:Infinity":11,"f:71:21:71:22":11,"s:71:37:71:Infinity":12,"f:72:23:72:24":12,"s:72:41:72:Infinity":13,"f:73:20:73:21":13,"s:74:8:83:Infinity":14,"f:74:12:74:13":14,"s:74:24:83:10":15,"f:84:20:84:26":15,"s:84:26:84:Infinity":16,"f:85:23:85:24":16,"s:86:8:95:Infinity":17,"f:99:18:99:19":17,"s:99:30:99:Infinity":18}}}
,"/home/mike/Projects/openpad/packages/frontend/src/mocks/handlers.ts": {"path":"/home/mike/Projects/openpad/packages/frontend/src/mocks/handlers.ts","statementMap":{"0":{"start":{"line":3,"column":24},"end":{"line":20,"column":null}},"1":{"start":{"line":5,"column":4},"end":{"line":8,"column":null}},"2":{"start":{"line":11,"column":4},"end":{"line":13,"column":null}},"3":{"start":{"line":16,"column":4},"end":{"line":18,"column":null}}},"fnMap":{"0":{"name":"(anonymous_0)","decl":{"start":{"line":4,"column":29},"end":{"line":4,"column":35}},"loc":{"start":{"line":4,"column":35},"end":{"line":9,"column":3}},"line":4},"1":{"name":"(anonymous_1)","decl":{"start":{"line":10,"column":27},"end":{"line":10,"column":33}},"loc":{"start":{"line":10,"column":33},"end":{"line":14,"column":3}},"line":10},"2":{"name":"(anonymous_2)","decl":{"start":{"line":15,"column":29},"end":{"line":15,"column":35}},"loc":{"start":{"line":15,"column":35},"end":{"line":19,"column":3}},"line":15}},"branchMap":{},"s":{"0":7,"1":1,"2":1,"3":1},"f":{"0":1,"1":1,"2":1},"b":{},"meta":{"lastBranch":0,"lastFunction":3,"lastStatement":4,"seen":{"s:3:24:20:Infinity":0,"f:4:29:4:35":0,"s:5:4:8:Infinity":1,"f:10:27:10:33":1,"s:11:4:13:Infinity":2,"f:15:29:15:35":2,"s:16:4:18:Infinity":3}}}
,"/home/mike/Projects/openpad/packages/frontend/src/mocks/server.ts": {"path":"/home/mike/Projects/openpad/packages/frontend/src/mocks/server.ts","statementMap":{"0":{"start":{"line":4,"column":13},"end":{"line":4,"column":null}}},"fnMap":{},"branchMap":{},"s":{"0":7},"f":{},"b":{},"meta":{"lastBranch":0,"lastFunction":0,"lastStatement":1,"seen":{"s:4:13:4:Infinity":0}}}
}
