{"total": {"lines":{"total":151,"covered":131,"skipped":0,"pct":86.75},"statements":{"total":152,"covered":132,"skipped":0,"pct":86.84},"functions":{"total":13,"covered":10,"skipped":0,"pct":76.92},"branches":{"total":36,"covered":28,"skipped":0,"pct":77.77},"branchesTrue":{"total":0,"covered":0,"skipped":0,"pct":100}}
,"/home/mike/Projects/openpad/packages/backend/src/app.ts": {"lines":{"total":13,"covered":11,"skipped":0,"pct":84.61},"functions":{"total":3,"covered":1,"skipped":0,"pct":33.33},"statements":{"total":13,"covered":11,"skipped":0,"pct":84.61},"branches":{"total":0,"covered":0,"skipped":0,"pct":100}}
,"/home/mike/Projects/openpad/packages/backend/src/index.ts": {"lines":{"total":10,"covered":0,"skipped":0,"pct":0},"functions":{"total":1,"covered":0,"skipped":0,"pct":0},"statements":{"total":10,"covered":0,"skipped":0,"pct":0},"branches":{"total":0,"covered":0,"skipped":0,"pct":100}}
,"/home/mike/Projects/openpad/packages/backend/src/llm.ts": {"lines":{"total":18,"covered":18,"skipped":0,"pct":100},"functions":{"total":2,"covered":2,"skipped":0,"pct":100},"statements":{"total":18,"covered":18,"skipped":0,"pct":100},"branches":{"total":6,"covered":6,"skipped":0,"pct":100}}
,"/home/mike/Projects/openpad/packages/backend/src/prompts.ts": {"lines":{"total":3,"covered":3,"skipped":0,"pct":100},"functions":{"total":0,"covered":0,"skipped":0,"pct":100},"statements":{"total":3,"covered":3,"skipped":0,"pct":100},"branches":{"total":0,"covered":0,"skipped":0,"pct":100}}
,"/home/mike/Projects/openpad/packages/backend/src/routes/filename.ts": {"lines":{"total":23,"covered":22,"skipped":0,"pct":95.65},"functions":{"total":3,"covered":3,"skipped":0,"pct":100},"statements":{"total":24,"covered":23,"skipped":0,"pct":95.83},"branches":{"total":4,"covered":3,"skipped":0,"pct":75}}
,"/home/mike/Projects/openpad/packages/backend/src/routes/generate.ts": {"lines":{"total":54,"covered":51,"skipped":0,"pct":94.44},"functions":{"total":2,"covered":2,"skipped":0,"pct":100},"statements":{"total":54,"covered":51,"skipped":0,"pct":94.44},"branches":{"total":18,"covered":15,"skipped":0,"pct":83.33}}
,"/home/mike/Projects/openpad/packages/backend/src/routes/render.ts": {"lines":{"total":30,"covered":26,"skipped":0,"pct":86.66},"functions":{"total":2,"covered":2,"skipped":0,"pct":100},"statements":{"total":30,"covered":26,"skipped":0,"pct":86.66},"branches":{"total":8,"covered":4,"skipped":0,"pct":50}}
}
