{"/home/mike/Projects/openpad/packages/backend/src/app.ts": {"path":"/home/mike/Projects/openpad/packages/backend/src/app.ts","statementMap":{"0":{"start":{"line":7,"column":0},"end":{"line":7,"column":15}},"1":{"start":{"line":2,"column":0},"end":{"line":2,"column":37}},"2":{"start":{"line":3,"column":0},"end":{"line":3,"column":46}},"3":{"start":{"line":4,"column":0},"end":{"line":4,"column":46}},"4":{"start":{"line":5,"column":0},"end":{"line":5,"column":42}},"5":{"start":{"line":9,"column":2},"end":{"line":9,"column":27}},"6":{"start":{"line":12,"column":2},"end":{"line":12,"column":54}},"7":{"start":{"line":13,"column":2},"end":{"line":13,"column":52}},"8":{"start":{"line":14,"column":2},"end":{"line":14,"column":54}},"9":{"start":{"line":16,"column":2},"end":{"line":18,"column":5}},"10":{"start":{"line":17,"column":4},"end":{"line":17,"column":65}},"11":{"start":{"line":21,"column":2},"end":{"line":23,"column":5}},"12":{"start":{"line":22,"column":4},"end":{"line":22,"column":28}}},"fnMap":{"0":{"name":"default_1","decl":{"start":{"line":7,"column":20},"end":{"line":7,"column":31}},"loc":{"start":{"line":7,"column":54},"end":{"line":24,"column":1}}},"1":{"name":"(anonymous_2)","decl":{"start":{"line":16,"column":25},"end":{"line":16,"column":30}},"loc":{"start":{"line":16,"column":60},"end":{"line":18,"column":3}}},"2":{"name":"(anonymous_3)","decl":{"start":{"line":21,"column":19},"end":{"line":21,"column":24}},"loc":{"start":{"line":21,"column":54},"end":{"line":23,"column":3}}}},"branchMap":{},"s":{"0":2,"1":2,"2":2,"3":2,"4":2,"5":6,"6":6,"7":6,"8":6,"9":6,"10":0,"11":6,"12":0},"f":{"0":6,"1":0,"2":0},"b":{}}
,"/home/mike/Projects/openpad/packages/backend/src/index.ts": {"path":"/home/mike/Projects/openpad/packages/backend/src/index.ts","statementMap":{"0":{"start":{"line":1,"column":0},"end":{"line":1,"column":30}},"1":{"start":{"line":2,"column":0},"end":{"line":2,"column":24}},"2":{"start":{"line":4,"column":16},"end":{"line":6,"column":2}},"3":{"start":{"line":8,"column":0},"end":{"line":8,"column":22}},"4":{"start":{"line":10,"column":14},"end":{"line":17,"column":1}},"5":{"start":{"line":11,"column":2},"end":{"line":16,"column":3}},"6":{"start":{"line":12,"column":4},"end":{"line":12,"column":58}},"7":{"start":{"line":14,"column":4},"end":{"line":14,"column":27}},"8":{"start":{"line":15,"column":4},"end":{"line":15,"column":20}},"9":{"start":{"line":19,"column":0},"end":{"line":19,"column":8}}},"fnMap":{"0":{"name":"(anonymous_1)","decl":{"start":{"line":10,"column":14},"end":{"line":10,"column":19}},"loc":{"start":{"line":10,"column":25},"end":{"line":17,"column":1}}}},"branchMap":{},"s":{"0":0,"1":0,"2":0,"3":0,"4":0,"5":0,"6":0,"7":0,"8":0,"9":0},"f":{"0":0},"b":{}}
,"/home/mike/Projects/openpad/packages/backend/src/llm.ts": {"path":"/home/mike/Projects/openpad/packages/backend/src/llm.ts","statementMap":{"0":{"start":{"line":16,"column":0},"end":{"line":16,"column":7}},"1":{"start":{"line":35,"column":0},"end":{"line":35,"column":7}},"2":{"start":{"line":1,"column":0},"end":{"line":1,"column":59}},"3":{"start":{"line":17,"column":47},"end":{"line":17,"column":54}},"4":{"start":{"line":18,"column":2},"end":{"line":20,"column":3}},"5":{"start":{"line":19,"column":4},"end":{"line":19,"column":49}},"6":{"start":{"line":22,"column":16},"end":{"line":22,"column":46}},"7":{"start":{"line":23,"column":16},"end":{"line":23,"column":62}},"8":{"start":{"line":25,"column":17},"end":{"line":25,"column":52}},"9":{"start":{"line":26,"column":19},"end":{"line":26,"column":40}},"10":{"start":{"line":28,"column":2},"end":{"line":32,"column":4}},"11":{"start":{"line":36,"column":37},"end":{"line":36,"column":44}},"12":{"start":{"line":37,"column":15},"end":{"line":37,"column":50}},"13":{"start":{"line":40,"column":19},"end":{"line":48,"column":4}},"14":{"start":{"line":50,"column":2},"end":{"line":52,"column":3}},"15":{"start":{"line":51,"column":4},"end":{"line":51,"column":83}},"16":{"start":{"line":54,"column":20},"end":{"line":54,"column":41}},"17":{"start":{"line":56,"column":2},"end":{"line":60,"column":4}}},"fnMap":{"0":{"name":"generateWithGemini","decl":{"start":{"line":16,"column":22},"end":{"line":16,"column":40}},"loc":{"start":{"line":16,"column":65},"end":{"line":33,"column":1}}},"1":{"name":"generateWithOllama","decl":{"start":{"line":35,"column":22},"end":{"line":35,"column":40}},"loc":{"start":{"line":35,"column":65},"end":{"line":61,"column":1}}}},"branchMap":{"0":{"loc":{"start":{"line":18,"column":2},"end":{"line":20,"column":3}},"type":"if","locations":[{"start":{"line":18,"column":2},"end":{"line":20,"column":3}},{"start":{},"end":{}}]},"1":{"loc":{"start":{"line":37,"column":15},"end":{"line":37,"column":50}},"type":"binary-expr","locations":[{"start":{"line":37,"column":15},"end":{"line":37,"column":22}},{"start":{"line":37,"column":26},"end":{"line":37,"column":50}}]},"2":{"loc":{"start":{"line":50,"column":2},"end":{"line":52,"column":3}},"type":"if","locations":[{"start":{"line":50,"column":2},"end":{"line":52,"column":3}},{"start":{},"end":{}}]}},"s":{"0":4,"1":4,"2":4,"3":2,"4":2,"5":1,"6":1,"7":1,"8":1,"9":1,"10":1,"11":3,"12":3,"13":3,"14":3,"15":1,"16":2,"17":2},"f":{"0":2,"1":3},"b":{"0":[1,1],"1":[3,2],"2":[1,2]}}
,"/home/mike/Projects/openpad/packages/backend/src/prompts.ts": {"path":"/home/mike/Projects/openpad/packages/backend/src/prompts.ts","statementMap":{"0":{"start":{"line":1,"column":13},"end":{"line":11,"column":2}},"1":{"start":{"line":13,"column":13},"end":{"line":15,"column":2}},"2":{"start":{"line":17,"column":13},"end":{"line":24,"column":2}}},"fnMap":{},"branchMap":{},"s":{"0":3,"1":3,"2":3},"f":{},"b":{}}
,"/home/mike/Projects/openpad/packages/backend/src/routes/filename.ts": {"path":"/home/mike/Projects/openpad/packages/backend/src/routes/filename.ts","statementMap":{"0":{"start":{"line":13,"column":0},"end":{"line":13,"column":15}},"1":{"start":{"line":2,"column":0},"end":{"line":2,"column":59}},"2":{"start":{"line":3,"column":0},"end":{"line":3,"column":24}},"3":{"start":{"line":5,"column":24},"end":{"line":5,"column":74}},"4":{"start":{"line":5,"column":44},"end":{"line":5,"column":74}},"5":{"start":{"line":7,"column":28},"end":{"line":9,"column":2}},"6":{"start":{"line":14,"column":2},"end":{"line":54,"column":5}},"7":{"start":{"line":15,"column":4},"end":{"line":53,"column":5}},"8":{"start":{"line":16,"column":25},"end":{"line":16,"column":68}},"9":{"start":{"line":17,"column":6},"end":{"line":19,"column":7}},"10":{"start":{"line":18,"column":8},"end":{"line":18,"column":107}},"11":{"start":{"line":21,"column":25},"end":{"line":21,"column":40}},"12":{"start":{"line":23,"column":22},"end":{"line":23,"column":48}},"13":{"start":{"line":24,"column":6},"end":{"line":26,"column":7}},"14":{"start":{"line":25,"column":8},"end":{"line":25,"column":53}},"15":{"start":{"line":27,"column":20},"end":{"line":27,"column":44}},"16":{"start":{"line":28,"column":20},"end":{"line":28,"column":80}},"17":{"start":{"line":30,"column":25},"end":{"line":42,"column":8}},"18":{"start":{"line":44,"column":21},"end":{"line":44,"column":60}},"19":{"start":{"line":45,"column":23},"end":{"line":45,"column":44}},"20":{"start":{"line":46,"column":23},"end":{"line":46,"column":45}},"21":{"start":{"line":48,"column":6},"end":{"line":48,"column":38}},"22":{"start":{"line":51,"column":6},"end":{"line":51,"column":60}},"23":{"start":{"line":52,"column":6},"end":{"line":52,"column":92}}},"fnMap":{"0":{"name":"(anonymous_0)","decl":{"start":{"line":5,"column":24},"end":{"line":5,"column":25}},"loc":{"start":{"line":5,"column":44},"end":{"line":5,"column":74}}},"1":{"name":"default_1","decl":{"start":{"line":13,"column":20},"end":{"line":13,"column":31}},"loc":{"start":{"line":13,"column":86},"end":{"line":55,"column":1}}},"2":{"name":"(anonymous_2)","decl":{"start":{"line":14,"column":28},"end":{"line":14,"column":33}},"loc":{"start":{"line":14,"column":84},"end":{"line":54,"column":3}}}},"branchMap":{"0":{"loc":{"start":{"line":17,"column":6},"end":{"line":19,"column":7}},"type":"if","locations":[{"start":{"line":17,"column":6},"end":{"line":19,"column":7}},{"start":{},"end":{}}]},"1":{"loc":{"start":{"line":24,"column":6},"end":{"line":26,"column":7}},"type":"if","locations":[{"start":{"line":24,"column":6},"end":{"line":26,"column":7}},{"start":{},"end":{}}]}},"s":{"0":4,"1":4,"2":4,"3":4,"4":3,"5":4,"6":17,"7":7,"8":7,"9":7,"10":4,"11":3,"12":3,"13":3,"14":0,"15":3,"16":3,"17":3,"18":3,"19":2,"20":2,"21":2,"22":1,"23":1},"f":{"0":3,"1":17,"2":7},"b":{"0":[4,3],"1":[0,3]}}
,"/home/mike/Projects/openpad/packages/backend/src/routes/generate.ts": {"path":"/home/mike/Projects/openpad/packages/backend/src/routes/generate.ts","statementMap":{"0":{"start":{"line":23,"column":0},"end":{"line":23,"column":15}},"1":{"start":{"line":2,"column":0},"end":{"line":2,"column":24}},"2":{"start":{"line":3,"column":0},"end":{"line":3,"column":41}},"3":{"start":{"line":4,"column":0},"end":{"line":4,"column":63}},"4":{"start":{"line":5,"column":0},"end":{"line":5,"column":28}},"5":{"start":{"line":6,"column":0},"end":{"line":6,"column":28}},"6":{"start":{"line":7,"column":0},"end":{"line":7,"column":33}},"7":{"start":{"line":8,"column":0},"end":{"line":8,"column":73}},"8":{"start":{"line":9,"column":0},"end":{"line":9,"column":64}},"9":{"start":{"line":11,"column":22},"end":{"line":11,"column":41}},"10":{"start":{"line":13,"column":28},"end":{"line":19,"column":2}},"11":{"start":{"line":24,"column":2},"end":{"line":122,"column":5}},"12":{"start":{"line":26,"column":4},"end":{"line":121,"column":5}},"13":{"start":{"line":27,"column":25},"end":{"line":27,"column":68}},"14":{"start":{"line":28,"column":6},"end":{"line":30,"column":7}},"15":{"start":{"line":29,"column":8},"end":{"line":29,"column":107}},"16":{"start":{"line":32,"column":76},"end":{"line":32,"column":91}},"17":{"start":{"line":34,"column":23},"end":{"line":34,"column":33}},"18":{"start":{"line":35,"column":6},"end":{"line":37,"column":7}},"19":{"start":{"line":36,"column":8},"end":{"line":36,"column":36}},"20":{"start":{"line":38,"column":6},"end":{"line":44,"column":7}},"21":{"start":{"line":39,"column":8},"end":{"line":43,"column":2}},"22":{"start":{"line":45,"column":6},"end":{"line":47,"column":8}},"23":{"start":{"line":49,"column":6},"end":{"line":49,"column":105}},"24":{"start":{"line":51,"column":17},"end":{"line":51,"column":19}},"25":{"start":{"line":52,"column":27},"end":{"line":52,"column":29}},"26":{"start":{"line":54,"column":6},"end":{"line":78,"column":7}},"27":{"start":{"line":55,"column":26},"end":{"line":55,"column":54}},"28":{"start":{"line":56,"column":23},"end":{"line":60,"column":10}},"29":{"start":{"line":61,"column":8},"end":{"line":61,"column":27}},"30":{"start":{"line":62,"column":8},"end":{"line":64,"column":10}},"31":{"start":{"line":67,"column":26},"end":{"line":67,"column":61}},"32":{"start":{"line":68,"column":23},"end":{"line":72,"column":10}},"33":{"start":{"line":73,"column":8},"end":{"line":73,"column":27}},"34":{"start":{"line":74,"column":8},"end":{"line":77,"column":10}},"35":{"start":{"line":80,"column":20},"end":{"line":80,"column":60}},"36":{"start":{"line":81,"column":6},"end":{"line":83,"column":7}},"37":{"start":{"line":82,"column":8},"end":{"line":82,"column":24}},"38":{"start":{"line":85,"column":6},"end":{"line":85,"column":73}},"39":{"start":{"line":88,"column":6},"end":{"line":88,"column":58}},"40":{"start":{"line":89,"column":23},"end":{"line":89,"column":50}},"41":{"start":{"line":90,"column":22},"end":{"line":90,"column":48}},"42":{"start":{"line":92,"column":6},"end":{"line":92,"column":38}},"43":{"start":{"line":95,"column":6},"end":{"line":106,"column":7}},"44":{"start":{"line":96,"column":8},"end":{"line":96,"column":67}},"45":{"start":{"line":98,"column":8},"end":{"line":98,"column":70}},"46":{"start":{"line":100,"column":8},"end":{"line":105,"column":11}},"47":{"start":{"line":108,"column":22},"end":{"line":108,"column":45}},"48":{"start":{"line":109,"column":24},"end":{"line":109,"column":50}},"49":{"start":{"line":111,"column":6},"end":{"line":111,"column":66}},"50":{"start":{"line":114,"column":6},"end":{"line":114,"column":64}},"51":{"start":{"line":115,"column":6},"end":{"line":115,"column":85}},"52":{"start":{"line":118,"column":6},"end":{"line":120,"column":7}},"53":{"start":{"line":119,"column":8},"end":{"line":119,"column":60}}},"fnMap":{"0":{"name":"default_1","decl":{"start":{"line":23,"column":20},"end":{"line":23,"column":31}},"loc":{"start":{"line":23,"column":86},"end":{"line":123,"column":1}}},"1":{"name":"(anonymous_1)","decl":{"start":{"line":24,"column":28},"end":{"line":24,"column":33}},"loc":{"start":{"line":24,"column":84},"end":{"line":122,"column":3}}}},"branchMap":{"0":{"loc":{"start":{"line":28,"column":6},"end":{"line":30,"column":7}},"type":"if","locations":[{"start":{"line":28,"column":6},"end":{"line":30,"column":7}},{"start":{},"end":{}}]},"1":{"loc":{"start":{"line":35,"column":6},"end":{"line":37,"column":7}},"type":"if","locations":[{"start":{"line":35,"column":6},"end":{"line":37,"column":7}},{"start":{},"end":{}}]},"2":{"loc":{"start":{"line":38,"column":6},"end":{"line":44,"column":7}},"type":"if","locations":[{"start":{"line":38,"column":6},"end":{"line":44,"column":7}},{"start":{},"end":{}}]},"3":{"loc":{"start":{"line":54,"column":6},"end":{"line":78,"column":7}},"type":"if","locations":[{"start":{"line":54,"column":6},"end":{"line":78,"column":7}},{"start":{"line":65,"column":13},"end":{"line":78,"column":7}}]},"4":{"loc":{"start":{"line":55,"column":26},"end":{"line":55,"column":54}},"type":"binary-expr","locations":[{"start":{"line":55,"column":26},"end":{"line":55,"column":39}},{"start":{"line":55,"column":43},"end":{"line":55,"column":54}}]},"5":{"loc":{"start":{"line":67,"column":26},"end":{"line":67,"column":61}},"type":"binary-expr","locations":[{"start":{"line":67,"column":26},"end":{"line":67,"column":39}},{"start":{"line":67,"column":43},"end":{"line":67,"column":61}}]},"6":{"loc":{"start":{"line":81,"column":6},"end":{"line":83,"column":7}},"type":"if","locations":[{"start":{"line":81,"column":6},"end":{"line":83,"column":7}},{"start":{},"end":{}}]},"7":{"loc":{"start":{"line":104,"column":19},"end":{"line":104,"column":64}},"type":"binary-expr","locations":[{"start":{"line":104,"column":19},"end":{"line":104,"column":39}},{"start":{"line":104,"column":43},"end":{"line":104,"column":64}}]},"8":{"loc":{"start":{"line":118,"column":6},"end":{"line":120,"column":7}},"type":"if","locations":[{"start":{"line":118,"column":6},"end":{"line":120,"column":7}},{"start":{},"end":{}}]}},"s":{"0":3,"1":3,"2":3,"3":3,"4":3,"5":3,"6":3,"7":3,"8":3,"9":3,"10":3,"11":11,"12":6,"13":6,"14":6,"15":1,"16":5,"17":5,"18":5,"19":1,"20":5,"21":1,"22":5,"23":5,"24":5,"25":5,"26":5,"27":1,"28":1,"29":1,"30":1,"31":4,"32":4,"33":4,"34":4,"35":5,"36":5,"37":0,"38":5,"39":5,"40":5,"41":5,"42":5,"43":5,"44":5,"45":3,"46":3,"47":2,"48":2,"49":2,"50":0,"51":0,"52":6,"53":5},"f":{"0":11,"1":6},"b":{"0":[1,5],"1":[1,4],"2":[1,4],"3":[1,4],"4":[1,0],"5":[4,4],"6":[0,5],"7":[3,0],"8":[5,1]}}
,"/home/mike/Projects/openpad/packages/backend/src/routes/render.ts": {"path":"/home/mike/Projects/openpad/packages/backend/src/routes/render.ts","statementMap":{"0":{"start":{"line":18,"column":0},"end":{"line":18,"column":15}},"1":{"start":{"line":2,"column":0},"end":{"line":2,"column":24}},"2":{"start":{"line":3,"column":0},"end":{"line":3,"column":41}},"3":{"start":{"line":4,"column":0},"end":{"line":4,"column":63}},"4":{"start":{"line":5,"column":0},"end":{"line":5,"column":28}},"5":{"start":{"line":6,"column":0},"end":{"line":6,"column":28}},"6":{"start":{"line":7,"column":0},"end":{"line":7,"column":33}},"7":{"start":{"line":9,"column":22},"end":{"line":9,"column":41}},"8":{"start":{"line":11,"column":26},"end":{"line":14,"column":2}},"9":{"start":{"line":19,"column":2},"end":{"line":58,"column":5}},"10":{"start":{"line":21,"column":4},"end":{"line":57,"column":5}},"11":{"start":{"line":22,"column":25},"end":{"line":22,"column":66}},"12":{"start":{"line":23,"column":6},"end":{"line":25,"column":7}},"13":{"start":{"line":24,"column":8},"end":{"line":24,"column":107}},"14":{"start":{"line":27,"column":31},"end":{"line":27,"column":46}},"15":{"start":{"line":28,"column":27},"end":{"line":28,"column":42}},"16":{"start":{"line":30,"column":6},"end":{"line":30,"column":58}},"17":{"start":{"line":31,"column":23},"end":{"line":31,"column":50}},"18":{"start":{"line":32,"column":25},"end":{"line":32,"column":63}},"19":{"start":{"line":34,"column":6},"end":{"line":34,"column":38}},"20":{"start":{"line":36,"column":6},"end":{"line":43,"column":7}},"21":{"start":{"line":37,"column":8},"end":{"line":37,"column":103}},"22":{"start":{"line":39,"column":8},"end":{"line":42,"column":11}},"23":{"start":{"line":45,"column":25},"end":{"line":45,"column":51}},"24":{"start":{"line":46,"column":27},"end":{"line":46,"column":56}},"25":{"start":{"line":48,"column":6},"end":{"line":48,"column":47}},"26":{"start":{"line":51,"column":6},"end":{"line":51,"column":62}},"27":{"start":{"line":52,"column":6},"end":{"line":52,"column":85}},"28":{"start":{"line":54,"column":6},"end":{"line":56,"column":7}},"29":{"start":{"line":55,"column":8},"end":{"line":55,"column":60}}},"fnMap":{"0":{"name":"default_1","decl":{"start":{"line":18,"column":20},"end":{"line":18,"column":31}},"loc":{"start":{"line":18,"column":86},"end":{"line":59,"column":1}}},"1":{"name":"(anonymous_1)","decl":{"start":{"line":19,"column":26},"end":{"line":19,"column":31}},"loc":{"start":{"line":19,"column":80},"end":{"line":58,"column":3}}}},"branchMap":{"0":{"loc":{"start":{"line":23,"column":6},"end":{"line":25,"column":7}},"type":"if","locations":[{"start":{"line":23,"column":6},"end":{"line":25,"column":7}},{"start":{},"end":{}}]},"1":{"loc":{"start":{"line":28,"column":27},"end":{"line":28,"column":42}},"type":"binary-expr","locations":[{"start":{"line":28,"column":27},"end":{"line":28,"column":33}},{"start":{"line":28,"column":37},"end":{"line":28,"column":42}}]},"2":{"loc":{"start":{"line":41,"column":19},"end":{"line":41,"column":64}},"type":"binary-expr","locations":[{"start":{"line":41,"column":19},"end":{"line":41,"column":39}},{"start":{"line":41,"column":43},"end":{"line":41,"column":64}}]},"3":{"loc":{"start":{"line":54,"column":6},"end":{"line":56,"column":7}},"type":"if","locations":[{"start":{"line":54,"column":6},"end":{"line":56,"column":7}},{"start":{},"end":{}}]}},"s":{"0":2,"1":2,"2":2,"3":2,"4":2,"5":2,"6":2,"7":2,"8":2,"9":6,"10":1,"11":1,"12":1,"13":0,"14":1,"15":1,"16":1,"17":1,"18":1,"19":1,"20":1,"21":1,"22":0,"23":1,"24":1,"25":1,"26":0,"27":0,"28":1,"29":1},"f":{"0":6,"1":1},"b":{"0":[0,1],"1":[1,1],"2":[0,0],"3":[1,0]}}
}
